[     113ms] [LOG] [Fast Refresh] rebuilding @ http://localhost:3000/_next/static/chunks/11cj_next_dist_05prb0z._.js:2477
[     416ms] [LOG] [Fast Refresh] done in 405ms @ http://localhost:3000/_next/static/chunks/11cj_next_dist_05prb0z._.js:2477
[    1031ms] [LOG] [impeccable] SSE connection lost. Retry 1/20... @ http://localhost:3000/_next/static/chunks/11cj_next_dist_05prb0z._.js:2477
[    1071ms] [LOG] [impeccable] Live variant mode ready. Hover over elements to pick one. @ http://localhost:8400/live.js:10396
[    1085ms] [INFO] %cDownload the React DevTools for a better development experience: https://react.dev/link/react-devtools font-weight:bold @ http://localhost:3000/_next/static/chunks/11cj_next_dist_05prb0z._.js:2477
[    1098ms] [LOG] [impeccable] Live mode connected. @ http://localhost:3000/_next/static/chunks/11cj_next_dist_05prb0z._.js:2477
[    1105ms] [LOG] [HMR] connected @ http://localhost:3000/_next/static/chunks/11cj_next_dist_05prb0z._.js:2477
[    1224ms] [LOG] [Fast Refresh] rebuilding @ http://localhost:3000/_next/static/chunks/11cj_next_dist_05prb0z._.js:2477
[    1250ms] [LOG] [Fast Refresh] done in 127ms @ http://localhost:3000/_next/static/chunks/11cj_next_dist_05prb0z._.js:2477
[    1353ms] [LOG] [Fast Refresh] rebuilding @ http://localhost:3000/_next/static/chunks/11cj_next_dist_05prb0z._.js:2477
[    1358ms] [ERROR] Failed to load resource: the server responded with a status of 404 (Not Found) @ http://localhost:3000/icons/icon-192.png:0
[    1359ms] [LOG] [Fast Refresh] done in 108ms @ http://localhost:3000/_next/static/chunks/11cj_next_dist_05prb0z._.js:2477
[    1404ms] [WARNING] Error while trying to use the following icon from the Manifest: http://localhost:3000/icons/icon-192.png (Download error or resource isn't a valid image) @ http://localhost:3000/login:0
[   10107ms] [LOG] [Fast Refresh] rebuilding @ http://localhost:3000/_next/static/chunks/11cj_next_dist_05prb0z._.js:2477
[   10205ms] [LOG] [Fast Refresh] done in 201ms @ http://localhost:3000/_next/static/chunks/11cj_next_dist_05prb0z._.js:2477
[  132288ms] [LOG] [Fast Refresh] rebuilding @ http://localhost:3000/_next/static/chunks/11cj_next_dist_05prb0z._.js:2477
[  132368ms] [LOG] [Fast Refresh] done in 180ms @ http://localhost:3000/_next/static/chunks/11cj_next_dist_05prb0z._.js:2477
[  132917ms] [LOG] [Fast Refresh] rebuilding @ http://localhost:3000/_next/static/chunks/11cj_next_dist_05prb0z._.js:2477
[  132951ms] [LOG] [Fast Refresh] done in 146ms @ http://localhost:3000/_next/static/chunks/11cj_next_dist_05prb0z._.js:2477
[  133436ms] [LOG] [Fast Refresh] rebuilding @ http://localhost:3000/_next/static/chunks/11cj_next_dist_05prb0z._.js:2477
[  133453ms] [LOG] [Fast Refresh] done in 125ms @ http://localhost:3000/_next/static/chunks/11cj_next_dist_05prb0z._.js:2477
[  138339ms] [LOG] [Fast Refresh] rebuilding @ http://localhost:3000/_next/static/chunks/11cj_next_dist_05prb0z._.js:2477
[  138473ms] [LOG] [Fast Refresh] done in 236ms @ http://localhost:3000/_next/static/chunks/11cj_next_dist_05prb0z._.js:2477
[  139585ms] [LOG] [Fast Refresh] rebuilding @ http://localhost:3000/_next/static/chunks/11cj_next_dist_05prb0z._.js:2477
[  139648ms] [LOG] [Fast Refresh] done in 179ms @ http://localhost:3000/_next/static/chunks/11cj_next_dist_05prb0z._.js:2477
[  140209ms] [LOG] [Fast Refresh] rebuilding @ http://localhost:3000/_next/static/chunks/11cj_next_dist_05prb0z._.js:2477
[  140256ms] [LOG] [Fast Refresh] done in 156ms @ http://localhost:3000/_next/static/chunks/11cj_next_dist_05prb0z._.js:2477
[  140363ms] [LOG] [Fast Refresh] rebuilding @ http://localhost:3000/_next/static/chunks/11cj_next_dist_05prb0z._.js:2477
[  140380ms] [LOG] [Fast Refresh] done in 123ms @ http://localhost:3000/_next/static/chunks/11cj_next_dist_05prb0z._.js:2477
[  153320ms] [LOG] [Fast Refresh] rebuilding @ http://localhost:3000/_next/static/chunks/11cj_next_dist_05prb0z._.js:2477
[  153443ms] [LOG] [Fast Refresh] done in 226ms @ http://localhost:3000/_next/static/chunks/11cj_next_dist_05prb0z._.js:2477
[  155840ms] [ERROR] Failed to load resource: the server responded with a status of 404 (Not Found) @ http://localhost:3000/icons/icon-192.png:0
[  155845ms] [WARNING] Error while trying to use the following icon from the Manifest: http://localhost:3000/icons/icon-192.png (Download error or resource isn't a valid image) @ http://localhost:3000/dashboard:0
[  157525ms] [LOG] [Fast Refresh] rebuilding @ http://localhost:3000/_next/static/chunks/11cj_next_dist_05prb0z._.js:2477
[  157614ms] [LOG] [Fast Refresh] done in 191ms @ http://localhost:3000/_next/static/chunks/11cj_next_dist_05prb0z._.js:2477
[  158195ms] [LOG] [Fast Refresh] rebuilding @ http://localhost:3000/_next/static/chunks/11cj_next_dist_05prb0z._.js:2477
[  158272ms] [LOG] [Fast Refresh] done in 178ms @ http://localhost:3000/_next/static/chunks/11cj_next_dist_05prb0z._.js:2477
[  158375ms] [LOG] [Fast Refresh] rebuilding @ http://localhost:3000/_next/static/chunks/11cj_next_dist_05prb0z._.js:2477
[  158414ms] [LOG] [Fast Refresh] done in 141ms @ http://localhost:3000/_next/static/chunks/11cj_next_dist_05prb0z._.js:2477
[  161696ms] [LOG] [Fast Refresh] rebuilding @ http://localhost:3000/_next/static/chunks/11cj_next_dist_05prb0z._.js:2477
[  161771ms] [LOG] [Fast Refresh] done in 178ms @ http://localhost:3000/_next/static/chunks/11cj_next_dist_05prb0z._.js:2477
[  162314ms] [LOG] [Fast Refresh] rebuilding @ http://localhost:3000/_next/static/chunks/11cj_next_dist_05prb0z._.js:2477
[  162368ms] [LOG] [Fast Refresh] done in 155ms @ http://localhost:3000/_next/static/chunks/11cj_next_dist_05prb0z._.js:2477
[  162536ms] [LOG] [Fast Refresh] rebuilding @ http://localhost:3000/_next/static/chunks/11cj_next_dist_05prb0z._.js:2477
[  162572ms] [LOG] [Fast Refresh] done in 142ms @ http://localhost:3000/_next/static/chunks/11cj_next_dist_05prb0z._.js:2477
[  272232ms] [LOG] [Fast Refresh] rebuilding @ http://localhost:3000/_next/static/chunks/11cj_next_dist_05prb0z._.js:2477
[  272281ms] [LOG] [Fast Refresh] done in 149ms @ http://localhost:3000/_next/static/chunks/11cj_next_dist_05prb0z._.js:2477
[  273154ms] [LOG] [Fast Refresh] rebuilding @ http://localhost:3000/_next/static/chunks/11cj_next_dist_05prb0z._.js:2477
[  273180ms] [LOG] [Fast Refresh] done in 131ms @ http://localhost:3000/_next/static/chunks/11cj_next_dist_05prb0z._.js:2477
[  284003ms] [WARNING] The width(-1) and height(-1) of chart should be greater than 0,
       please check the style of container, or the props width(100%) and height(100%),
       or add a minWidth(0) or minHeight(undefined) or use aspect(undefined) to control the
       height and width. @ http://localhost:3000/_next/static/chunks/11cj_next_dist_05prb0z._.js:2477
[  284003ms] [WARNING] The width(-1) and height(-1) of chart should be greater than 0,
       please check the style of container, or the props width(100%) and height(100%),
       or add a minWidth(0) or minHeight(undefined) or use aspect(undefined) to control the
       height and width. @ http://localhost:3000/_next/static/chunks/11cj_next_dist_05prb0z._.js:2477
[  284004ms] [WARNING] The width(-1) and height(-1) of chart should be greater than 0,
       please check the style of container, or the props width(100%) and height(100%),
       or add a minWidth(0) or minHeight(undefined) or use aspect(undefined) to control the
       height and width. @ http://localhost:3000/_next/static/chunks/11cj_next_dist_05prb0z._.js:2477
[  284004ms] [WARNING] The width(-1) and height(-1) of chart should be greater than 0,
       please check the style of container, or the props width(100%) and height(100%),
       or add a minWidth(0) or minHeight(undefined) or use aspect(undefined) to control the
       height and width. @ http://localhost:3000/_next/static/chunks/11cj_next_dist_05prb0z._.js:2477
[  284230ms] [LOG] [Fast Refresh] rebuilding @ http://localhost:3000/_next/static/chunks/11cj_next_dist_05prb0z._.js:2477
[  284246ms] [LOG] [Fast Refresh] done in 119ms @ http://localhost:3000/_next/static/chunks/11cj_next_dist_05prb0z._.js:2477
[  291811ms] [LOG] [Fast Refresh] rebuilding @ http://localhost:3000/_next/static/chunks/11cj_next_dist_05prb0z._.js:2477
[  291878ms] [LOG] [Fast Refresh] done in 171ms @ http://localhost:3000/_next/static/chunks/11cj_next_dist_05prb0z._.js:2477
[  292353ms] [ERROR] Failed to load resource: the server responded with a status of 404 (Not Found) @ http://localhost:3000/icons/icon-192.png:0
[  292360ms] [WARNING] Error while trying to use the following icon from the Manifest: http://localhost:3000/icons/icon-192.png (Download error or resource isn't a valid image) @ http://localhost:3000/dashboard:0
[  292517ms] [LOG] [Fast Refresh] rebuilding @ http://localhost:3000/_next/static/chunks/11cj_next_dist_05prb0z._.js:2477
[  292535ms] [LOG] [Fast Refresh] done in 125ms @ http://localhost:3000/_next/static/chunks/11cj_next_dist_05prb0z._.js:2477
[  297994ms] [LOG] [Fast Refresh] rebuilding @ http://localhost:3000/_next/static/chunks/11cj_next_dist_05prb0z._.js:2477
[  298075ms] [LOG] [Fast Refresh] done in 182ms @ http://localhost:3000/_next/static/chunks/11cj_next_dist_05prb0z._.js:2477
[  319633ms] [LOG] [Fast Refresh] rebuilding @ http://localhost:3000/_next/static/chunks/11cj_next_dist_05prb0z._.js:2477
[  319675ms] [LOG] [Fast Refresh] done in 150ms @ http://localhost:3000/_next/static/chunks/11cj_next_dist_05prb0z._.js:2477
[  319796ms] [ERROR] Failed to load resource: the server responded with a status of 404 (Not Found) @ http://localhost:3000/icons/icon-192.png:0
[  319803ms] [WARNING] Error while trying to use the following icon from the Manifest: http://localhost:3000/icons/icon-192.png (Download error or resource isn't a valid image) @ http://localhost:3000/reports:0
[  330395ms] [ERROR] Failed to load resource: the server responded with a status of 404 (Not Found) @ http://localhost:3000/icons/icon-192.png:0
[  330402ms] [WARNING] Error while trying to use the following icon from the Manifest: http://localhost:3000/icons/icon-192.png (Download error or resource isn't a valid image) @ http://localhost:3000/reports?periodStart=2026-05-01&periodEnd=2026-05-31&dealerIds=f9b6c190-3fbd-443e-b815-10ce5b576a53:0
[  380434ms] [LOG] [Fast Refresh] rebuilding @ http://localhost:3000/_next/static/chunks/11cj_next_dist_05prb0z._.js:2477
[  381032ms] [LOG] [Fast Refresh] done in 704ms @ http://localhost:3000/_next/static/chunks/11cj_next_dist_05prb0z._.js:2477
[ 1349712ms] [LOG] [Fast Refresh] rebuilding @ http://localhost:3000/_next/static/chunks/11cj_next_dist_05prb0z._.js:2477
[ 1349912ms] [LOG] [Fast Refresh] done in 313ms @ http://localhost:3000/_next/static/chunks/11cj_next_dist_05prb0z._.js:2477
[ 1350056ms] [ERROR] Failed to load resource: the server responded with a status of 404 (Not Found) @ http://localhost:3000/icons/icon-192.png:0
[ 1350059ms] [WARNING] Error while trying to use the following icon from the Manifest: http://localhost:3000/icons/icon-192.png (Download error or resource isn't a valid image) @ http://localhost:3000/activations:0
[ 1352964ms] [LOG] [Fast Refresh] rebuilding @ http://localhost:3000/_next/static/chunks/11cj_next_dist_05prb0z._.js:2477
[ 1355338ms] [LOG] [Fast Refresh] done in 2480ms @ http://localhost:3000/_next/static/chunks/11cj_next_dist_05prb0z._.js:2477
[ 1355973ms] [ERROR] Failed to load resource: the server responded with a status of 404 (Not Found) @ http://localhost:3000/icons/icon-192.png:0
[ 1356001ms] [WARNING] Error while trying to use the following icon from the Manifest: http://localhost:3000/icons/icon-192.png (Download error or resource isn't a valid image) @ http://localhost:3000/dashboard:0
[ 1356124ms] [LOG] [Fast Refresh] rebuilding @ http://localhost:3000/_next/static/chunks/11cj_next_dist_05prb0z._.js:2477
[ 1356157ms] [LOG] [Fast Refresh] done in 148ms @ http://localhost:3000/_next/static/chunks/11cj_next_dist_05prb0z._.js:2477
[ 1624935ms] [LOG] [Fast Refresh] rebuilding @ http://localhost:3000/_next/static/chunks/11cj_next_dist_05prb0z._.js:2477
[ 1625030ms] [LOG] [Fast Refresh] done in 195ms @ http://localhost:3000/_next/static/chunks/11cj_next_dist_05prb0z._.js:2477
[ 1625574ms] [LOG] [Fast Refresh] rebuilding @ http://localhost:3000/_next/static/chunks/11cj_next_dist_05prb0z._.js:2477
[ 1625622ms] [LOG] [Fast Refresh] done in 154ms @ http://localhost:3000/_next/static/chunks/11cj_next_dist_05prb0z._.js:2477
[ 1672955ms] [LOG] [Fast Refresh] rebuilding @ http://localhost:3000/_next/static/chunks/11cj_next_dist_05prb0z._.js:2477
[ 1673008ms] [LOG] [Fast Refresh] done in 162ms @ http://localhost:3000/_next/static/chunks/11cj_next_dist_05prb0z._.js:2477
[ 1673469ms] [LOG] [Fast Refresh] rebuilding @ http://localhost:3000/_next/static/chunks/11cj_next_dist_05prb0z._.js:2477
[ 1673525ms] [LOG] [Fast Refresh] done in 164ms @ http://localhost:3000/_next/static/chunks/11cj_next_dist_05prb0z._.js:2477
[ 1758584ms] [LOG] [Fast Refresh] rebuilding @ http://localhost:3000/_next/static/chunks/11cj_next_dist_05prb0z._.js:2477
[ 1758674ms] [LOG] [Fast Refresh] done in 183ms @ http://localhost:3000/_next/static/chunks/11cj_next_dist_05prb0z._.js:2477
[ 1758779ms] [LOG] [Fast Refresh] rebuilding @ http://localhost:3000/_next/static/chunks/11cj_next_dist_05prb0z._.js:2477
[ 1759039ms] [LOG] [Fast Refresh] done in 362ms @ http://localhost:3000/_next/static/chunks/11cj_next_dist_05prb0z._.js:2477
[ 1759143ms] [LOG] [Fast Refresh] rebuilding @ http://localhost:3000/_next/static/chunks/11cj_next_dist_05prb0z._.js:2477
[ 1759204ms] [LOG] [Fast Refresh] done in 162ms @ http://localhost:3000/_next/static/chunks/11cj_next_dist_05prb0z._.js:2477
[ 1760013ms] [LOG] [Fast Refresh] rebuilding @ http://localhost:3000/_next/static/chunks/11cj_next_dist_05prb0z._.js:2477
[ 1760062ms] [LOG] [Fast Refresh] done in 151ms @ http://localhost:3000/_next/static/chunks/11cj_next_dist_05prb0z._.js:2477
[ 1760841ms] [ERROR] Failed to load resource: the server responded with a status of 404 (Not Found) @ http://localhost:3000/icons/icon-192.png:0
[ 1760846ms] [WARNING] Error while trying to use the following icon from the Manifest: http://localhost:3000/icons/icon-192.png (Download error or resource isn't a valid image) @ http://localhost:3000/dashboard:0
[ 1763218ms] [LOG] [Fast Refresh] rebuilding @ http://localhost:3000/_next/static/chunks/11cj_next_dist_05prb0z._.js:2477
[ 1763328ms] [LOG] [Fast Refresh] done in 200ms @ http://localhost:3000/_next/static/chunks/11cj_next_dist_05prb0z._.js:2477
[ 1763440ms] [LOG] [Fast Refresh] rebuilding @ http://localhost:3000/_next/static/chunks/11cj_next_dist_05prb0z._.js:2477
[ 1763814ms] [LOG] [Fast Refresh] done in 476ms @ http://localhost:3000/_next/static/chunks/11cj_next_dist_05prb0z._.js:2477
[ 1764275ms] [LOG] [Fast Refresh] rebuilding @ http://localhost:3000/_next/static/chunks/11cj_next_dist_05prb0z._.js:2477
[ 1764352ms] [LOG] [Fast Refresh] done in 178ms @ http://localhost:3000/_next/static/chunks/11cj_next_dist_05prb0z._.js:2477
[ 1764517ms] [ERROR] Failed to load resource: the server responded with a status of 404 (Not Found) @ http://localhost:3000/icons/icon-192.png:0
[ 1764520ms] [WARNING] Error while trying to use the following icon from the Manifest: http://localhost:3000/icons/icon-192.png (Download error or resource isn't a valid image) @ http://localhost:3000/dashboard:0
[ 1769675ms] [LOG] [Fast Refresh] rebuilding @ http://localhost:3000/_next/static/chunks/11cj_next_dist_05prb0z._.js:2477
[ 1769788ms] [LOG] [Fast Refresh] done in 200ms @ http://localhost:3000/_next/static/chunks/11cj_next_dist_05prb0z._.js:2477
[ 1769906ms] [LOG] [Fast Refresh] rebuilding @ http://localhost:3000/_next/static/chunks/11cj_next_dist_05prb0z._.js:2477
[ 1770350ms] [LOG] [Fast Refresh] done in 546ms @ http://localhost:3000/_next/static/chunks/11cj_next_dist_05prb0z._.js:2477
[ 1770651ms] [LOG] [Fast Refresh] rebuilding @ http://localhost:3000/_next/static/chunks/11cj_next_dist_05prb0z._.js:2477
[ 1770692ms] [LOG] [Fast Refresh] done in 143ms @ http://localhost:3000/_next/static/chunks/11cj_next_dist_05prb0z._.js:2477
[ 1770977ms] [ERROR] Failed to load resource: the server responded with a status of 404 (Not Found) @ http://localhost:3000/icons/icon-192.png:0
[ 1770980ms] [WARNING] Error while trying to use the following icon from the Manifest: http://localhost:3000/icons/icon-192.png (Download error or resource isn't a valid image) @ http://localhost:3000/dashboard:0
[ 1775087ms] [LOG] [Fast Refresh] rebuilding @ http://localhost:3000/_next/static/chunks/11cj_next_dist_05prb0z._.js:2477
[ 1775357ms] [LOG] [Fast Refresh] done in 334ms @ http://localhost:3000/_next/static/chunks/11cj_next_dist_05prb0z._.js:2477
[ 1775465ms] [LOG] [Fast Refresh] rebuilding @ http://localhost:3000/_next/static/chunks/11cj_next_dist_05prb0z._.js:2477
[ 1775834ms] [LOG] [Fast Refresh] done in 470ms @ http://localhost:3000/_next/static/chunks/11cj_next_dist_05prb0z._.js:2477
[ 1776347ms] [LOG] [Fast Refresh] rebuilding @ http://localhost:3000/_next/static/chunks/11cj_next_dist_05prb0z._.js:2477
[ 1776390ms] [LOG] [Fast Refresh] done in 146ms @ http://localhost:3000/_next/static/chunks/11cj_next_dist_05prb0z._.js:2477
[ 1776644ms] [ERROR] Failed to load resource: the server responded with a status of 404 (Not Found) @ http://localhost:3000/icons/icon-192.png:0
[ 1776649ms] [WARNING] Error while trying to use the following icon from the Manifest: http://localhost:3000/icons/icon-192.png (Download error or resource isn't a valid image) @ http://localhost:3000/dashboard:0
[ 1779900ms] [LOG] [Fast Refresh] rebuilding @ http://localhost:3000/_next/static/chunks/11cj_next_dist_05prb0z._.js:2477
[ 1780195ms] [LOG] [Fast Refresh] done in 335ms @ http://localhost:3000/_next/static/chunks/11cj_next_dist_05prb0z._.js:2477
[ 1780297ms] [LOG] [Fast Refresh] rebuilding @ http://localhost:3000/_next/static/chunks/11cj_next_dist_05prb0z._.js:2477
[ 1780581ms] [LOG] [Fast Refresh] done in 385ms @ http://localhost:3000/_next/static/chunks/11cj_next_dist_05prb0z._.js:2477
[ 1780721ms] [LOG] [Fast Refresh] rebuilding @ http://localhost:3000/_next/static/chunks/11cj_next_dist_05prb0z._.js:2477
[ 1780753ms] [LOG] [Fast Refresh] done in 134ms @ http://localhost:3000/_next/static/chunks/11cj_next_dist_05prb0z._.js:2477
[ 1781134ms] [LOG] [Fast Refresh] rebuilding @ http://localhost:3000/_next/static/chunks/11cj_next_dist_05prb0z._.js:2477
[ 1781289ms] [LOG] [Fast Refresh] done in 257ms @ http://localhost:3000/_next/static/chunks/11cj_next_dist_05prb0z._.js:2477
[ 1781586ms] [ERROR] Failed to load resource: the server responded with a status of 404 (Not Found) @ http://localhost:3000/icons/icon-192.png:0
[ 1781592ms] [WARNING] Error while trying to use the following icon from the Manifest: http://localhost:3000/icons/icon-192.png (Download error or resource isn't a valid image) @ http://localhost:3000/dashboard:0
[ 1781873ms] [LOG] [Fast Refresh] rebuilding @ http://localhost:3000/_next/static/chunks/11cj_next_dist_05prb0z._.js:2477
[ 1781897ms] [LOG] [Fast Refresh] done in 125ms @ http://localhost:3000/_next/static/chunks/11cj_next_dist_05prb0z._.js:2477
[ 1782262ms] [LOG] [Fast Refresh] rebuilding @ http://localhost:3000/_next/static/chunks/11cj_next_dist_05prb0z._.js:2477
[ 1782275ms] [LOG] [Fast Refresh] done in 115ms @ http://localhost:3000/_next/static/chunks/11cj_next_dist_05prb0z._.js:2477
[ 1782379ms] [LOG] [Fast Refresh] rebuilding @ http://localhost:3000/_next/static/chunks/11cj_next_dist_05prb0z._.js:2477
[ 1782397ms] [LOG] [Fast Refresh] done in 122ms @ http://localhost:3000/_next/static/chunks/11cj_next_dist_05prb0z._.js:2477
[ 1784220ms] [LOG] [Fast Refresh] rebuilding @ http://localhost:3000/_next/static/chunks/11cj_next_dist_05prb0z._.js:2477
[ 1784515ms] [LOG] [Fast Refresh] done in 370ms @ http://localhost:3000/_next/static/chunks/11cj_next_dist_05prb0z._.js:2477
[ 1784624ms] [LOG] [Fast Refresh] rebuilding @ http://localhost:3000/_next/static/chunks/11cj_next_dist_05prb0z._.js:2477
[ 1784917ms] [LOG] [Fast Refresh] done in 395ms @ http://localhost:3000/_next/static/chunks/11cj_next_dist_05prb0z._.js:2477
[ 1785036ms] [LOG] [Fast Refresh] rebuilding @ http://localhost:3000/_next/static/chunks/11cj_next_dist_05prb0z._.js:2477
[ 1785072ms] [LOG] [Fast Refresh] done in 139ms @ http://localhost:3000/_next/static/chunks/11cj_next_dist_05prb0z._.js:2477
[ 1785531ms] [LOG] [Fast Refresh] rebuilding @ http://localhost:3000/_next/static/chunks/11cj_next_dist_05prb0z._.js:2477
[ 1785641ms] [LOG] [Fast Refresh] done in 214ms @ http://localhost:3000/_next/static/chunks/11cj_next_dist_05prb0z._.js:2477
[ 1785916ms] [ERROR] Failed to load resource: the server responded with a status of 404 (Not Found) @ http://localhost:3000/icons/icon-192.png:0
[ 1785924ms] [WARNING] Error while trying to use the following icon from the Manifest: http://localhost:3000/icons/icon-192.png (Download error or resource isn't a valid image) @ http://localhost:3000/dashboard:0
[ 1786325ms] [LOG] [Fast Refresh] rebuilding @ http://localhost:3000/_next/static/chunks/11cj_next_dist_05prb0z._.js:2477
[ 1786368ms] [LOG] [Fast Refresh] done in 147ms @ http://localhost:3000/_next/static/chunks/11cj_next_dist_05prb0z._.js:2477
[ 1786526ms] [LOG] [Fast Refresh] rebuilding @ http://localhost:3000/_next/static/chunks/11cj_next_dist_05prb0z._.js:2477
[ 1786541ms] [LOG] [Fast Refresh] done in 120ms @ http://localhost:3000/_next/static/chunks/11cj_next_dist_05prb0z._.js:2477
[ 1789200ms] [LOG] [Fast Refresh] rebuilding @ http://localhost:3000/_next/static/chunks/11cj_next_dist_05prb0z._.js:2477
[ 1789594ms] [LOG] [Fast Refresh] done in 433ms @ http://localhost:3000/_next/static/chunks/11cj_next_dist_05prb0z._.js:2477
[ 1789695ms] [LOG] [Fast Refresh] rebuilding @ http://localhost:3000/_next/static/chunks/11cj_next_dist_05prb0z._.js:2477
[ 1790000ms] [LOG] [Fast Refresh] done in 405ms @ http://localhost:3000/_next/static/chunks/11cj_next_dist_05prb0z._.js:2477
[ 1790506ms] [LOG] [Fast Refresh] rebuilding @ http://localhost:3000/_next/static/chunks/11cj_next_dist_05prb0z._.js:2477
[ 1790696ms] [LOG] [Fast Refresh] done in 296ms @ http://localhost:3000/_next/static/chunks/11cj_next_dist_05prb0z._.js:2477
[ 1790897ms] [ERROR] Failed to load resource: the server responded with a status of 404 (Not Found) @ http://localhost:3000/icons/icon-192.png:0
[ 1790903ms] [WARNING] Error while trying to use the following icon from the Manifest: http://localhost:3000/icons/icon-192.png (Download error or resource isn't a valid image) @ http://localhost:3000/dashboard:0
[ 1791209ms] [LOG] [Fast Refresh] rebuilding @ http://localhost:3000/_next/static/chunks/11cj_next_dist_05prb0z._.js:2477
[ 1791232ms] [LOG] [Fast Refresh] done in 124ms @ http://localhost:3000/_next/static/chunks/11cj_next_dist_05prb0z._.js:2477
[ 1791381ms] [LOG] [Fast Refresh] rebuilding @ http://localhost:3000/_next/static/chunks/11cj_next_dist_05prb0z._.js:2477
[ 1791420ms] [LOG] [Fast Refresh] done in 143ms @ http://localhost:3000/_next/static/chunks/11cj_next_dist_05prb0z._.js:2477
[ 1799785ms] [LOG] [Fast Refresh] rebuilding @ http://localhost:3000/_next/static/chunks/11cj_next_dist_05prb0z._.js:2477
[ 1800171ms] [LOG] [Fast Refresh] done in 409ms @ http://localhost:3000/_next/static/chunks/11cj_next_dist_05prb0z._.js:2477
[ 1800273ms] [LOG] [Fast Refresh] rebuilding @ http://localhost:3000/_next/static/chunks/11cj_next_dist_05prb0z._.js:2477
[ 1800580ms] [LOG] [Fast Refresh] done in 408ms @ http://localhost:3000/_next/static/chunks/11cj_next_dist_05prb0z._.js:2477
[ 1800718ms] [LOG] [Fast Refresh] rebuilding @ http://localhost:3000/_next/static/chunks/11cj_next_dist_05prb0z._.js:2477
[ 1800823ms] [LOG] [Fast Refresh] done in 205ms @ http://localhost:3000/_next/static/chunks/11cj_next_dist_05prb0z._.js:2477
[ 1801197ms] [LOG] [Fast Refresh] rebuilding @ http://localhost:3000/_next/static/chunks/11cj_next_dist_05prb0z._.js:2477
[ 1801263ms] [LOG] [Fast Refresh] done in 170ms @ http://localhost:3000/_next/static/chunks/11cj_next_dist_05prb0z._.js:2477
[ 1801657ms] [LOG] [Fast Refresh] rebuilding @ http://localhost:3000/_next/static/chunks/11cj_next_dist_05prb0z._.js:2477
[ 1801774ms] [LOG] [Fast Refresh] done in 219ms @ http://localhost:3000/_next/static/chunks/11cj_next_dist_05prb0z._.js:2477
[ 1801954ms] [LOG] [Fast Refresh] rebuilding @ http://localhost:3000/_next/static/chunks/11cj_next_dist_05prb0z._.js:2477
[ 1802023ms] [LOG] [Fast Refresh] done in 173ms @ http://localhost:3000/_next/static/chunks/11cj_next_dist_05prb0z._.js:2477
[ 1802028ms] [ERROR] Failed to load resource: the server responded with a status of 404 (Not Found) @ http://localhost:3000/icons/icon-192.png:0
[ 1802032ms] [WARNING] Error while trying to use the following icon from the Manifest: http://localhost:3000/icons/icon-192.png (Download error or resource isn't a valid image) @ http://localhost:3000/dashboard:0
[ 1802167ms] [LOG] [Fast Refresh] rebuilding @ http://localhost:3000/_next/static/chunks/11cj_next_dist_05prb0z._.js:2477
[ 1802220ms] [LOG] [Fast Refresh] done in 154ms @ http://localhost:3000/_next/static/chunks/11cj_next_dist_05prb0z._.js:2477
[ 1807195ms] [LOG] [Fast Refresh] rebuilding @ http://localhost:3000/_next/static/chunks/11cj_next_dist_05prb0z._.js:2477
[ 1807529ms] [LOG] [Fast Refresh] done in 351ms @ http://localhost:3000/_next/static/chunks/11cj_next_dist_05prb0z._.js:2477
[ 1807632ms] [LOG] [Fast Refresh] rebuilding @ http://localhost:3000/_next/static/chunks/11cj_next_dist_05prb0z._.js:2477
[ 1807906ms] [LOG] [Fast Refresh] done in 373ms @ http://localhost:3000/_next/static/chunks/11cj_next_dist_05prb0z._.js:2477
[ 1808467ms] [LOG] [Fast Refresh] rebuilding @ http://localhost:3000/_next/static/chunks/11cj_next_dist_05prb0z._.js:2477
[ 1808763ms] [LOG] [Fast Refresh] done in 398ms @ http://localhost:3000/_next/static/chunks/11cj_next_dist_05prb0z._.js:2477
[ 1808879ms] [ERROR] Failed to load resource: the server responded with a status of 404 (Not Found) @ http://localhost:3000/icons/icon-192.png:0
[ 1808886ms] [WARNING] Error while trying to use the following icon from the Manifest: http://localhost:3000/icons/icon-192.png (Download error or resource isn't a valid image) @ http://localhost:3000/dashboard:0
[ 1809273ms] [LOG] [Fast Refresh] rebuilding @ http://localhost:3000/_next/static/chunks/11cj_next_dist_05prb0z._.js:2477
[ 1809311ms] [LOG] [Fast Refresh] done in 138ms @ http://localhost:3000/_next/static/chunks/11cj_next_dist_05prb0z._.js:2477
[ 1809467ms] [LOG] [Fast Refresh] rebuilding @ http://localhost:3000/_next/static/chunks/11cj_next_dist_05prb0z._.js:2477
[ 1809497ms] [LOG] [Fast Refresh] done in 131ms @ http://localhost:3000/_next/static/chunks/11cj_next_dist_05prb0z._.js:2477
[ 1812168ms] [LOG] [Fast Refresh] rebuilding @ http://localhost:3000/_next/static/chunks/11cj_next_dist_05prb0z._.js:2477
[ 1812485ms] [LOG] [Fast Refresh] done in 361ms @ http://localhost:3000/_next/static/chunks/11cj_next_dist_05prb0z._.js:2477
[ 1812591ms] [LOG] [Fast Refresh] rebuilding @ http://localhost:3000/_next/static/chunks/11cj_next_dist_05prb0z._.js:2477
[ 1812861ms] [LOG] [Fast Refresh] done in 375ms @ http://localhost:3000/_next/static/chunks/11cj_next_dist_05prb0z._.js:2477
[ 1812982ms] [LOG] [Fast Refresh] rebuilding @ http://localhost:3000/_next/static/chunks/11cj_next_dist_05prb0z._.js:2477
[ 1813005ms] [LOG] [Fast Refresh] done in 126ms @ http://localhost:3000/_next/static/chunks/11cj_next_dist_05prb0z._.js:2477
[ 1813422ms] [LOG] [Fast Refresh] rebuilding @ http://localhost:3000/_next/static/chunks/11cj_next_dist_05prb0z._.js:2477
[ 1813605ms] [LOG] [Fast Refresh] done in 293ms @ http://localhost:3000/_next/static/chunks/11cj_next_dist_05prb0z._.js:2477
[ 1813782ms] [ERROR] Failed to load resource: the server responded with a status of 404 (Not Found) @ http://localhost:3000/icons/icon-192.png:0
[ 1813785ms] [WARNING] Error while trying to use the following icon from the Manifest: http://localhost:3000/icons/icon-192.png (Download error or resource isn't a valid image) @ http://localhost:3000/dashboard:0
[ 1814122ms] [LOG] [Fast Refresh] rebuilding @ http://localhost:3000/_next/static/chunks/11cj_next_dist_05prb0z._.js:2477
[ 1814156ms] [LOG] [Fast Refresh] done in 135ms @ http://localhost:3000/_next/static/chunks/11cj_next_dist_05prb0z._.js:2477
[ 1814301ms] [LOG] [Fast Refresh] rebuilding @ http://localhost:3000/_next/static/chunks/11cj_next_dist_05prb0z._.js:2477
[ 1814325ms] [LOG] [Fast Refresh] done in 125ms @ http://localhost:3000/_next/static/chunks/11cj_next_dist_05prb0z._.js:2477
[ 1818363ms] [LOG] [Fast Refresh] rebuilding @ http://localhost:3000/_next/static/chunks/11cj_next_dist_05prb0z._.js:2477
[ 1818653ms] [LOG] [Fast Refresh] done in 352ms @ http://localhost:3000/_next/static/chunks/11cj_next_dist_05prb0z._.js:2477
[ 1818754ms] [LOG] [Fast Refresh] rebuilding @ http://localhost:3000/_next/static/chunks/11cj_next_dist_05prb0z._.js:2477
[ 1818994ms] [LOG] [Fast Refresh] done in 341ms @ http://localhost:3000/_next/static/chunks/11cj_next_dist_05prb0z._.js:2477
[ 1819145ms] [LOG] [Fast Refresh] rebuilding @ http://localhost:3000/_next/static/chunks/11cj_next_dist_05prb0z._.js:2477
[ 1819393ms] [LOG] [Fast Refresh] done in 349ms @ http://localhost:3000/_next/static/chunks/11cj_next_dist_05prb0z._.js:2477
[ 1819758ms] [LOG] [Fast Refresh] rebuilding @ http://localhost:3000/_next/static/chunks/11cj_next_dist_05prb0z._.js:2477
[ 1819944ms] [LOG] [Fast Refresh] done in 292ms @ http://localhost:3000/_next/static/chunks/11cj_next_dist_05prb0z._.js:2477
[ 1820149ms] [ERROR] Failed to load resource: the server responded with a status of 404 (Not Found) @ http://localhost:3000/icons/icon-192.png:0
[ 1820156ms] [WARNING] Error while trying to use the following icon from the Manifest: http://localhost:3000/icons/icon-192.png (Download error or resource isn't a valid image) @ http://localhost:3000/dashboard:0
[ 1820454ms] [LOG] [Fast Refresh] rebuilding @ http://localhost:3000/_next/static/chunks/11cj_next_dist_05prb0z._.js:2477
[ 1820542ms] [LOG] [Fast Refresh] done in 189ms @ http://localhost:3000/_next/static/chunks/11cj_next_dist_05prb0z._.js:2477
[ 1820648ms] [LOG] [Fast Refresh] rebuilding @ http://localhost:3000/_next/static/chunks/11cj_next_dist_05prb0z._.js:2477
[ 1820654ms] [LOG] [Fast Refresh] done in 112ms @ http://localhost:3000/_next/static/chunks/11cj_next_dist_05prb0z._.js:2477
[ 1830209ms] [LOG] [Fast Refresh] rebuilding @ http://localhost:3000/_next/static/chunks/11cj_next_dist_05prb0z._.js:2477
[ 1830486ms] [LOG] [Fast Refresh] done in 343ms @ http://localhost:3000/_next/static/chunks/11cj_next_dist_05prb0z._.js:2477
[ 1830624ms] [LOG] [Fast Refresh] rebuilding @ http://localhost:3000/_next/static/chunks/11cj_next_dist_05prb0z._.js:2477
[ 1830860ms] [LOG] [Fast Refresh] done in 342ms @ http://localhost:3000/_next/static/chunks/11cj_next_dist_05prb0z._.js:2477
[ 1831571ms] [LOG] [Fast Refresh] rebuilding @ http://localhost:3000/_next/static/chunks/11cj_next_dist_05prb0z._.js:2477
[ 1831584ms] [LOG] [Fast Refresh] done in 115ms @ http://localhost:3000/_next/static/chunks/11cj_next_dist_05prb0z._.js:2477
[ 1832016ms] [LOG] [Fast Refresh] rebuilding @ http://localhost:3000/_next/static/chunks/11cj_next_dist_05prb0z._.js:2477
[ 1832089ms] [LOG] [Fast Refresh] done in 178ms @ http://localhost:3000/_next/static/chunks/11cj_next_dist_05prb0z._.js:2477
[ 1832242ms] [LOG] [Fast Refresh] rebuilding @ http://localhost:3000/_next/static/chunks/11cj_next_dist_05prb0z._.js:2477
[ 1832354ms] [LOG] [Fast Refresh] done in 212ms @ http://localhost:3000/_next/static/chunks/11cj_next_dist_05prb0z._.js:2477
[ 1832395ms] [ERROR] Failed to load resource: the server responded with a status of 404 (Not Found) @ http://localhost:3000/icons/icon-192.png:0
[ 1832402ms] [WARNING] Error while trying to use the following icon from the Manifest: http://localhost:3000/icons/icon-192.png (Download error or resource isn't a valid image) @ http://localhost:3000/dashboard:0
[ 1832487ms] [LOG] [Fast Refresh] rebuilding @ http://localhost:3000/_next/static/chunks/11cj_next_dist_05prb0z._.js:2477
[ 1832504ms] [LOG] [Fast Refresh] done in 119ms @ http://localhost:3000/_next/static/chunks/11cj_next_dist_05prb0z._.js:2477
[ 1834595ms] [LOG] [Fast Refresh] rebuilding @ http://localhost:3000/_next/static/chunks/11cj_next_dist_05prb0z._.js:2477
[ 1834848ms] [LOG] [Fast Refresh] done in 321ms @ http://localhost:3000/_next/static/chunks/11cj_next_dist_05prb0z._.js:2477
[ 1834971ms] [LOG] [Fast Refresh] rebuilding @ http://localhost:3000/_next/static/chunks/11cj_next_dist_05prb0z._.js:2477
[ 1835232ms] [LOG] [Fast Refresh] done in 364ms @ http://localhost:3000/_next/static/chunks/11cj_next_dist_05prb0z._.js:2477
[ 1835359ms] [LOG] [Fast Refresh] rebuilding @ http://localhost:3000/_next/static/chunks/11cj_next_dist_05prb0z._.js:2477
[ 1835425ms] [LOG] [Fast Refresh] done in 167ms @ http://localhost:3000/_next/static/chunks/11cj_next_dist_05prb0z._.js:2477
[ 1835946ms] [LOG] [Fast Refresh] rebuilding @ http://localhost:3000/_next/static/chunks/11cj_next_dist_05prb0z._.js:2477
[ 1836127ms] [LOG] [Fast Refresh] done in 283ms @ http://localhost:3000/_next/static/chunks/11cj_next_dist_05prb0z._.js:2477
[ 1836298ms] [ERROR] Failed to load resource: the server responded with a status of 404 (Not Found) @ http://localhost:3000/icons/icon-192.png:0
[ 1836300ms] [WARNING] Error while trying to use the following icon from the Manifest: http://localhost:3000/icons/icon-192.png (Download error or resource isn't a valid image) @ http://localhost:3000/dashboard:0
[ 1836679ms] [LOG] [Fast Refresh] rebuilding @ http://localhost:3000/_next/static/chunks/11cj_next_dist_05prb0z._.js:2477
[ 1836711ms] [LOG] [Fast Refresh] done in 136ms @ http://localhost:3000/_next/static/chunks/11cj_next_dist_05prb0z._.js:2477
[ 1836873ms] [LOG] [Fast Refresh] rebuilding @ http://localhost:3000/_next/static/chunks/11cj_next_dist_05prb0z._.js:2477
[ 1836881ms] [LOG] [Fast Refresh] done in 108ms @ http://localhost:3000/_next/static/chunks/11cj_next_dist_05prb0z._.js:2477
[ 1841359ms] [LOG] [Fast Refresh] rebuilding @ http://localhost:3000/_next/static/chunks/11cj_next_dist_05prb0z._.js:2477
[ 1841690ms] [LOG] [Fast Refresh] done in 375ms @ http://localhost:3000/_next/static/chunks/11cj_next_dist_05prb0z._.js:2477
[ 1841799ms] [LOG] [Fast Refresh] rebuilding @ http://localhost:3000/_next/static/chunks/11cj_next_dist_05prb0z._.js:2477
[ 1842041ms] [LOG] [Fast Refresh] done in 348ms @ http://localhost:3000/_next/static/chunks/11cj_next_dist_05prb0z._.js:2477
[ 1842261ms] [LOG] [Fast Refresh] rebuilding @ http://localhost:3000/_next/static/chunks/11cj_next_dist_05prb0z._.js:2477
[ 1842268ms] [LOG] [Fast Refresh] done in 110ms @ http://localhost:3000/_next/static/chunks/11cj_next_dist_05prb0z._.js:2477
[ 1842697ms] [LOG] [Fast Refresh] rebuilding @ http://localhost:3000/_next/static/chunks/11cj_next_dist_05prb0z._.js:2477
[ 1842943ms] [LOG] [Fast Refresh] done in 357ms @ http://localhost:3000/_next/static/chunks/11cj_next_dist_05prb0z._.js:2477
[ 1843042ms] [ERROR] Failed to load resource: the server responded with a status of 404 (Not Found) @ http://localhost:3000/icons/icon-192.png:0
[ 1843058ms] [WARNING] Error while trying to use the following icon from the Manifest: http://localhost:3000/icons/icon-192.png (Download error or resource isn't a valid image) @ http://localhost:3000/dashboard:0
[ 1843436ms] [LOG] [Fast Refresh] rebuilding @ http://localhost:3000/_next/static/chunks/11cj_next_dist_05prb0z._.js:2477
[ 1843458ms] [LOG] [Fast Refresh] done in 124ms @ http://localhost:3000/_next/static/chunks/11cj_next_dist_05prb0z._.js:2477
[ 1843624ms] [LOG] [Fast Refresh] rebuilding @ http://localhost:3000/_next/static/chunks/11cj_next_dist_05prb0z._.js:2477
[ 1843646ms] [LOG] [Fast Refresh] done in 127ms @ http://localhost:3000/_next/static/chunks/11cj_next_dist_05prb0z._.js:2477
[ 1845811ms] [LOG] [Fast Refresh] rebuilding @ http://localhost:3000/_next/static/chunks/11cj_next_dist_05prb0z._.js:2477
[ 1846120ms] [LOG] [Fast Refresh] done in 375ms @ http://localhost:3000/_next/static/chunks/11cj_next_dist_05prb0z._.js:2477
[ 1846244ms] [LOG] [Fast Refresh] rebuilding @ http://localhost:3000/_next/static/chunks/11cj_next_dist_05prb0z._.js:2477
[ 1846467ms] [LOG] [Fast Refresh] done in 326ms @ http://localhost:3000/_next/static/chunks/11cj_next_dist_05prb0z._.js:2477
[ 1846583ms] [LOG] [Fast Refresh] rebuilding @ http://localhost:3000/_next/static/chunks/11cj_next_dist_05prb0z._.js:2477
[ 1846621ms] [LOG] [Fast Refresh] done in 140ms @ http://localhost:3000/_next/static/chunks/11cj_next_dist_05prb0z._.js:2477
[ 1847026ms] [LOG] [Fast Refresh] rebuilding @ http://localhost:3000/_next/static/chunks/11cj_next_dist_05prb0z._.js:2477
[ 1847107ms] [LOG] [Fast Refresh] done in 182ms @ http://localhost:3000/_next/static/chunks/11cj_next_dist_05prb0z._.js:2477
[ 1847360ms] [ERROR] Failed to load resource: the server responded with a status of 404 (Not Found) @ http://localhost:3000/icons/icon-192.png:0
[ 1847384ms] [WARNING] Error while trying to use the following icon from the Manifest: http://localhost:3000/icons/icon-192.png (Download error or resource isn't a valid image) @ http://localhost:3000/dashboard:0
[ 1847779ms] [LOG] [Fast Refresh] rebuilding @ http://localhost:3000/_next/static/chunks/11cj_next_dist_05prb0z._.js:2477
[ 1847845ms] [LOG] [Fast Refresh] done in 166ms @ http://localhost:3000/_next/static/chunks/11cj_next_dist_05prb0z._.js:2477
[ 1847950ms] [LOG] [Fast Refresh] rebuilding @ http://localhost:3000/_next/static/chunks/11cj_next_dist_05prb0z._.js:2477
[ 1847972ms] [LOG] [Fast Refresh] done in 126ms @ http://localhost:3000/_next/static/chunks/11cj_next_dist_05prb0z._.js:2477
[ 1850202ms] [LOG] [Fast Refresh] rebuilding @ http://localhost:3000/_next/static/chunks/11cj_next_dist_05prb0z._.js:2477
[ 1850549ms] [LOG] [Fast Refresh] done in 383ms @ http://localhost:3000/_next/static/chunks/11cj_next_dist_05prb0z._.js:2477
[ 1850654ms] [LOG] [Fast Refresh] rebuilding @ http://localhost:3000/_next/static/chunks/11cj_next_dist_05prb0z._.js:2477
[ 1850856ms] [LOG] [Fast Refresh] done in 305ms @ http://localhost:3000/_next/static/chunks/11cj_next_dist_05prb0z._.js:2477
[ 1850974ms] [LOG] [Fast Refresh] rebuilding @ http://localhost:3000/_next/static/chunks/11cj_next_dist_05prb0z._.js:2477
[ 1850998ms] [LOG] [Fast Refresh] done in 126ms @ http://localhost:3000/_next/static/chunks/11cj_next_dist_05prb0z._.js:2477
[ 1851426ms] [LOG] [Fast Refresh] rebuilding @ http://localhost:3000/_next/static/chunks/11cj_next_dist_05prb0z._.js:2477
[ 1851483ms] [LOG] [Fast Refresh] done in 159ms @ http://localhost:3000/_next/static/chunks/11cj_next_dist_05prb0z._.js:2477
[ 1851764ms] [ERROR] Failed to load resource: the server responded with a status of 404 (Not Found) @ http://localhost:3000/icons/icon-192.png:0
[ 1851772ms] [WARNING] Error while trying to use the following icon from the Manifest: http://localhost:3000/icons/icon-192.png (Download error or resource isn't a valid image) @ http://localhost:3000/dashboard:0
[ 1852193ms] [LOG] [Fast Refresh] rebuilding @ http://localhost:3000/_next/static/chunks/11cj_next_dist_05prb0z._.js:2477
[ 1852227ms] [LOG] [Fast Refresh] done in 138ms @ http://localhost:3000/_next/static/chunks/11cj_next_dist_05prb0z._.js:2477
[ 1852389ms] [LOG] [Fast Refresh] rebuilding @ http://localhost:3000/_next/static/chunks/11cj_next_dist_05prb0z._.js:2477
[ 1852399ms] [LOG] [Fast Refresh] done in 111ms @ http://localhost:3000/_next/static/chunks/11cj_next_dist_05prb0z._.js:2477
[ 1856097ms] [LOG] [Fast Refresh] rebuilding @ http://localhost:3000/_next/static/chunks/11cj_next_dist_05prb0z._.js:2477
[ 1856406ms] [LOG] [Fast Refresh] done in 345ms @ http://localhost:3000/_next/static/chunks/11cj_next_dist_05prb0z._.js:2477
[ 1856509ms] [LOG] [Fast Refresh] rebuilding @ http://localhost:3000/_next/static/chunks/11cj_next_dist_05prb0z._.js:2477
[ 1856713ms] [LOG] [Fast Refresh] done in 307ms @ http://localhost:3000/_next/static/chunks/11cj_next_dist_05prb0z._.js:2477
[ 1856835ms] [LOG] [Fast Refresh] rebuilding @ http://localhost:3000/_next/static/chunks/11cj_next_dist_05prb0z._.js:2477
[ 1856859ms] [LOG] [Fast Refresh] done in 127ms @ http://localhost:3000/_next/static/chunks/11cj_next_dist_05prb0z._.js:2477
[ 1857291ms] [LOG] [Fast Refresh] rebuilding @ http://localhost:3000/_next/static/chunks/11cj_next_dist_05prb0z._.js:2477
[ 1857371ms] [LOG] [Fast Refresh] done in 180ms @ http://localhost:3000/_next/static/chunks/11cj_next_dist_05prb0z._.js:2477
[ 1857612ms] [ERROR] Failed to load resource: the server responded with a status of 404 (Not Found) @ http://localhost:3000/icons/icon-192.png:0
[ 1857616ms] [WARNING] Error while trying to use the following icon from the Manifest: http://localhost:3000/icons/icon-192.png (Download error or resource isn't a valid image) @ http://localhost:3000/dashboard:0
[ 1858050ms] [LOG] [Fast Refresh] rebuilding @ http://localhost:3000/_next/static/chunks/11cj_next_dist_05prb0z._.js:2477
[ 1858118ms] [LOG] [Fast Refresh] done in 169ms @ http://localhost:3000/_next/static/chunks/11cj_next_dist_05prb0z._.js:2477
[ 1858223ms] [LOG] [Fast Refresh] rebuilding @ http://localhost:3000/_next/static/chunks/11cj_next_dist_05prb0z._.js:2477
[ 1858246ms] [LOG] [Fast Refresh] done in 127ms @ http://localhost:3000/_next/static/chunks/11cj_next_dist_05prb0z._.js:2477
[ 1860895ms] [LOG] [Fast Refresh] rebuilding @ http://localhost:3000/_next/static/chunks/11cj_next_dist_05prb0z._.js:2477
[ 1861188ms] [LOG] [Fast Refresh] done in 356ms @ http://localhost:3000/_next/static/chunks/11cj_next_dist_05prb0z._.js:2477
[ 1861322ms] [LOG] [Fast Refresh] rebuilding @ http://localhost:3000/_next/static/chunks/11cj_next_dist_05prb0z._.js:2477
[ 1861705ms] [LOG] [Fast Refresh] done in 488ms @ http://localhost:3000/_next/static/chunks/11cj_next_dist_05prb0z._.js:2477
[ 1861822ms] [LOG] [Fast Refresh] rebuilding @ http://localhost:3000/_next/static/chunks/11cj_next_dist_05prb0z._.js:2477
[ 1861861ms] [LOG] [Fast Refresh] done in 141ms @ http://localhost:3000/_next/static/chunks/11cj_next_dist_05prb0z._.js:2477
[ 1862256ms] [LOG] [Fast Refresh] rebuilding @ http://localhost:3000/_next/static/chunks/11cj_next_dist_05prb0z._.js:2477
[ 1862450ms] [LOG] [Fast Refresh] done in 300ms @ http://localhost:3000/_next/static/chunks/11cj_next_dist_05prb0z._.js:2477
[ 1862674ms] [ERROR] Failed to load resource: the server responded with a status of 404 (Not Found) @ http://localhost:3000/icons/icon-192.png:0
[ 1862680ms] [WARNING] Error while trying to use the following icon from the Manifest: http://localhost:3000/icons/icon-192.png (Download error or resource isn't a valid image) @ http://localhost:3000/dashboard:0
[ 1863002ms] [LOG] [Fast Refresh] rebuilding @ http://localhost:3000/_next/static/chunks/11cj_next_dist_05prb0z._.js:2477
[ 1863052ms] [LOG] [Fast Refresh] done in 153ms @ http://localhost:3000/_next/static/chunks/11cj_next_dist_05prb0z._.js:2477
[ 1863203ms] [LOG] [Fast Refresh] rebuilding @ http://localhost:3000/_next/static/chunks/11cj_next_dist_05prb0z._.js:2477
[ 1863225ms] [LOG] [Fast Refresh] done in 126ms @ http://localhost:3000/_next/static/chunks/11cj_next_dist_05prb0z._.js:2477
[ 3235157ms] [LOG] [Fast Refresh] rebuilding @ http://localhost:3000/_next/static/chunks/11cj_next_dist_05prb0z._.js:2477
[ 3235323ms] [LOG] [Fast Refresh] done in 268ms @ http://localhost:3000/_next/static/chunks/11cj_next_dist_05prb0z._.js:2477
[ 3235415ms] [ERROR] Failed to load resource: the server responded with a status of 404 (Not Found) @ http://localhost:3000/icons/icon-192.png:0
[ 3235424ms] [WARNING] Error while trying to use the following icon from the Manifest: http://localhost:3000/icons/icon-192.png (Download error or resource isn't a valid image) @ http://localhost:3000/purchases:0
[ 3236837ms] [ERROR] Failed to load resource: the server responded with a status of 404 (Not Found) @ http://localhost:3000/icons/icon-192.png:0
[ 3236842ms] [WARNING] Error while trying to use the following icon from the Manifest: http://localhost:3000/icons/icon-192.png (Download error or resource isn't a valid image) @ http://localhost:3000/dashboard:0
[ 3238884ms] [ERROR] Failed to load resource: the server responded with a status of 404 (Not Found) @ http://localhost:3000/icons/icon-192.png:0
[ 3238888ms] [WARNING] Error while trying to use the following icon from the Manifest: http://localhost:3000/icons/icon-192.png (Download error or resource isn't a valid image) @ http://localhost:3000/purchases:0
[ 3240818ms] [LOG] [Fast Refresh] rebuilding @ http://localhost:3000/_next/static/chunks/11cj_next_dist_05prb0z._.js:2477
[ 3240971ms] [LOG] [Fast Refresh] done in 259ms @ http://localhost:3000/_next/static/chunks/11cj_next_dist_05prb0z._.js:2477
[ 3241072ms] [ERROR] Failed to load resource: the server responded with a status of 404 (Not Found) @ http://localhost:3000/icons/icon-192.png:0
[ 3241074ms] [WARNING] Error while trying to use the following icon from the Manifest: http://localhost:3000/icons/icon-192.png (Download error or resource isn't a valid image) @ http://localhost:3000/activations:0
[ 3242191ms] [ERROR] Failed to load resource: the server responded with a status of 404 (Not Found) @ http://localhost:3000/icons/icon-192.png:0
[ 3242197ms] [WARNING] Error while trying to use the following icon from the Manifest: http://localhost:3000/icons/icon-192.png (Download error or resource isn't a valid image) @ http://localhost:3000/dashboard:0
[ 3294752ms] [LOG] [Fast Refresh] rebuilding @ http://localhost:3000/_next/static/chunks/11cj_next_dist_05prb0z._.js:2477
[ 3294808ms] [LOG] [Fast Refresh] done in 161ms @ http://localhost:3000/_next/static/chunks/11cj_next_dist_05prb0z._.js:2477
[ 3295446ms] [LOG] [Fast Refresh] rebuilding @ http://localhost:3000/_next/static/chunks/11cj_next_dist_05prb0z._.js:2477
[ 3295498ms] [LOG] [Fast Refresh] done in 153ms @ http://localhost:3000/_next/static/chunks/11cj_next_dist_05prb0z._.js:2477
[ 3295968ms] [LOG] [Fast Refresh] rebuilding @ http://localhost:3000/_next/static/chunks/11cj_next_dist_05prb0z._.js:2477
[ 3296018ms] [LOG] [Fast Refresh] done in 150ms @ http://localhost:3000/_next/static/chunks/11cj_next_dist_05prb0z._.js:2477
