[     243ms] [LOG] [impeccable] SSE connection lost. Retry 1/20... @ http://localhost:3000/_next/static/chunks/11cj_next_dist_05prb0z._.js:2477
[     565ms] [INFO] %cDownload the React DevTools for a better development experience: https://react.dev/link/react-devtools font-weight:bold @ http://localhost:3000/_next/static/chunks/11cj_next_dist_05prb0z._.js:2477
[     580ms] [LOG] [impeccable] Live variant mode ready. Hover over elements to pick one. @ http://localhost:3000/_next/static/chunks/11cj_next_dist_05prb0z._.js:2477
[     589ms] [LOG] [HMR] connected @ http://localhost:3000/_next/static/chunks/11cj_next_dist_05prb0z._.js:2477
[     594ms] [LOG] [impeccable] Live mode connected. @ http://localhost:3000/_next/static/chunks/11cj_next_dist_05prb0z._.js:2477
[     700ms] [ERROR] Failed to load resource: the server responded with a status of 404 (Not Found) @ http://localhost:3000/icons/icon-192.png:0
[     705ms] [WARNING] Error while trying to use the following icon from the Manifest: http://localhost:3000/icons/icon-192.png (Download error or resource isn't a valid image) @ http://localhost:3000/login:0
[    1919ms] [LOG] [Fast Refresh] rebuilding @ http://localhost:3000/_next/static/chunks/11cj_next_dist_05prb0z._.js:2477
[    1984ms] [LOG] [Fast Refresh] done in 179ms @ http://localhost:3000/_next/static/chunks/11cj_next_dist_05prb0z._.js:2477
[    2515ms] [LOG] [Fast Refresh] rebuilding @ http://localhost:3000/_next/static/chunks/11cj_next_dist_05prb0z._.js:2477
[    2517ms] [LOG] [Fast Refresh] done in 110ms @ http://localhost:3000/_next/static/chunks/11cj_next_dist_05prb0z._.js:2477
[    2671ms] [LOG] [Fast Refresh] rebuilding @ http://localhost:3000/_next/static/chunks/11cj_next_dist_05prb0z._.js:2477
[    2673ms] [LOG] [Fast Refresh] done in 112ms @ http://localhost:3000/_next/static/chunks/11cj_next_dist_05prb0z._.js:2477
[    5568ms] [LOG] [Fast Refresh] rebuilding @ http://localhost:3000/_next/static/chunks/11cj_next_dist_05prb0z._.js:2477
[    5619ms] [LOG] [Fast Refresh] done in 164ms @ http://localhost:3000/_next/static/chunks/11cj_next_dist_05prb0z._.js:2477
[    6161ms] [LOG] [Fast Refresh] rebuilding @ http://localhost:3000/_next/static/chunks/11cj_next_dist_05prb0z._.js:2477
[    6196ms] [LOG] [Fast Refresh] done in 140ms @ http://localhost:3000/_next/static/chunks/11cj_next_dist_05prb0z._.js:2477
[    6349ms] [LOG] [Fast Refresh] rebuilding @ http://localhost:3000/_next/static/chunks/11cj_next_dist_05prb0z._.js:2477
[    6352ms] [LOG] [Fast Refresh] done in 112ms @ http://localhost:3000/_next/static/chunks/11cj_next_dist_05prb0z._.js:2477
[   24872ms] [LOG] [Fast Refresh] rebuilding @ http://localhost:3000/_next/static/chunks/11cj_next_dist_05prb0z._.js:2477
[   24937ms] [LOG] [Fast Refresh] done in 167ms @ http://localhost:3000/_next/static/chunks/11cj_next_dist_05prb0z._.js:2477
[   25485ms] [LOG] [Fast Refresh] rebuilding @ http://localhost:3000/_next/static/chunks/11cj_next_dist_05prb0z._.js:2477
[   25525ms] [LOG] [Fast Refresh] done in 146ms @ http://localhost:3000/_next/static/chunks/11cj_next_dist_05prb0z._.js:2477
[   25671ms] [LOG] [Fast Refresh] rebuilding @ http://localhost:3000/_next/static/chunks/11cj_next_dist_05prb0z._.js:2477
[   25704ms] [LOG] [Fast Refresh] done in 141ms @ http://localhost:3000/_next/static/chunks/11cj_next_dist_05prb0z._.js:2477
[  367232ms] [LOG] [Fast Refresh] rebuilding @ http://localhost:3000/_next/static/chunks/11cj_next_dist_05prb0z._.js:2477
[  367281ms] [LOG] [Fast Refresh] done in 149ms @ http://localhost:3000/_next/static/chunks/11cj_next_dist_05prb0z._.js:2477
[  367826ms] [LOG] [Fast Refresh] rebuilding @ http://localhost:3000/_next/static/chunks/11cj_next_dist_05prb0z._.js:2477
[  367861ms] [LOG] [Fast Refresh] done in 142ms @ http://localhost:3000/_next/static/chunks/11cj_next_dist_05prb0z._.js:2477
[  368329ms] [LOG] [Fast Refresh] rebuilding @ http://localhost:3000/_next/static/chunks/11cj_next_dist_05prb0z._.js:2477
[  368346ms] [LOG] [Fast Refresh] done in 128ms @ http://localhost:3000/_next/static/chunks/11cj_next_dist_05prb0z._.js:2477
[  628212ms] [LOG] [Fast Refresh] rebuilding @ http://localhost:3000/_next/static/chunks/11cj_next_dist_05prb0z._.js:2477
[  628260ms] [LOG] [Fast Refresh] done in 151ms @ http://localhost:3000/_next/static/chunks/11cj_next_dist_05prb0z._.js:2477
[  628820ms] [LOG] [Fast Refresh] rebuilding @ http://localhost:3000/_next/static/chunks/11cj_next_dist_05prb0z._.js:2477
[  628877ms] [LOG] [Fast Refresh] done in 162ms @ http://localhost:3000/_next/static/chunks/11cj_next_dist_05prb0z._.js:2477
[  636186ms] [LOG] [Fast Refresh] rebuilding @ http://localhost:3000/_next/static/chunks/11cj_next_dist_05prb0z._.js:2477
[  636223ms] [LOG] [Fast Refresh] done in 153ms @ http://localhost:3000/_next/static/chunks/11cj_next_dist_05prb0z._.js:2477
[  636739ms] [LOG] [Fast Refresh] rebuilding @ http://localhost:3000/_next/static/chunks/11cj_next_dist_05prb0z._.js:2477
[  636802ms] [LOG] [Fast Refresh] done in 169ms @ http://localhost:3000/_next/static/chunks/11cj_next_dist_05prb0z._.js:2477
[  636911ms] [LOG] [Fast Refresh] rebuilding @ http://localhost:3000/_next/static/chunks/11cj_next_dist_05prb0z._.js:2477
[  636928ms] [LOG] [Fast Refresh] done in 126ms @ http://localhost:3000/_next/static/chunks/11cj_next_dist_05prb0z._.js:2477
[ 1239949ms] [LOG] [Fast Refresh] rebuilding @ http://localhost:3000/_next/static/chunks/11cj_next_dist_05prb0z._.js:2477
[ 1239982ms] [LOG] [Fast Refresh] done in 149ms @ http://localhost:3000/_next/static/chunks/11cj_next_dist_05prb0z._.js:2477
[ 1240566ms] [LOG] [Fast Refresh] rebuilding @ http://localhost:3000/_next/static/chunks/11cj_next_dist_05prb0z._.js:2477
[ 1240611ms] [LOG] [Fast Refresh] done in 159ms @ http://localhost:3000/_next/static/chunks/11cj_next_dist_05prb0z._.js:2477
[ 1265449ms] [LOG] [Fast Refresh] rebuilding @ http://localhost:3000/_next/static/chunks/11cj_next_dist_05prb0z._.js:2477
[ 1265498ms] [LOG] [Fast Refresh] done in 149ms @ http://localhost:3000/_next/static/chunks/11cj_next_dist_05prb0z._.js:2477
[ 1265901ms] [LOG] [Fast Refresh] rebuilding @ http://localhost:3000/_next/static/chunks/11cj_next_dist_05prb0z._.js:2477
[ 1265936ms] [LOG] [Fast Refresh] done in 149ms @ http://localhost:3000/_next/static/chunks/11cj_next_dist_05prb0z._.js:2477
